{"C:\\dev\\vibe-coding-lab\\validators\\emailValidator.js": {"path":"C:\\dev\\vibe-coding-lab\\validators\\emailValidator.js","statementMap":{"0":{"start":{"line":1,"column":19},"end":{"line":1,"column":483}},"1":{"start":{"line":4,"column":2},"end":{"line":6,"column":3}},"2":{"start":{"line":5,"column":4},"end":{"line":5,"column":17}},"3":{"start":{"line":7,"column":2},"end":{"line":7,"column":32}},"4":{"start":{"line":10,"column":31},"end":{"line":16,"column":2}},"5":{"start":{"line":19,"column":2},"end":{"line":21,"column":3}},"6":{"start":{"line":20,"column":4},"end":{"line":20,"column":17}},"7":{"start":{"line":23,"column":18},"end":{"line":23,"column":40}},"8":{"start":{"line":24,"column":2},"end":{"line":26,"column":3}},"9":{"start":{"line":25,"column":4},"end":{"line":25,"column":17}},"10":{"start":{"line":28,"column":17},"end":{"line":28,"column":55}},"11":{"start":{"line":29,"column":2},"end":{"line":29,"column":44}},"12":{"start":{"line":33,"column":2},"end":{"line":35,"column":3}},"13":{"start":{"line":34,"column":4},"end":{"line":34,"column":14}},"14":{"start":{"line":37,"column":2},"end":{"line":37,"column":36}},"15":{"start":{"line":40,"column":0},"end":{"line":44,"column":2}}},"fnMap":{"0":{"name":"isValidEmail","decl":{"start":{"line":3,"column":9},"end":{"line":3,"column":21}},"loc":{"start":{"line":3,"column":29},"end":{"line":8,"column":1}},"line":3},"1":{"name":"isDisposableEmail","decl":{"start":{"line":18,"column":9},"end":{"line":18,"column":26}},"loc":{"start":{"line":18,"column":34},"end":{"line":30,"column":1}},"line":18},"2":{"name":"normalizeEmail","decl":{"start":{"line":32,"column":9},"end":{"line":32,"column":23}},"loc":{"start":{"line":32,"column":31},"end":{"line":38,"column":1}},"line":32}},"branchMap":{"0":{"loc":{"start":{"line":4,"column":2},"end":{"line":6,"column":3}},"type":"if","locations":[{"start":{"line":4,"column":2},"end":{"line":6,"column":3}},{"start":{},"end":{}}],"line":4},"1":{"loc":{"start":{"line":19,"column":2},"end":{"line":21,"column":3}},"type":"if","locations":[{"start":{"line":19,"column":2},"end":{"line":21,"column":3}},{"start":{},"end":{}}],"line":19},"2":{"loc":{"start":{"line":24,"column":2},"end":{"line":26,"column":3}},"type":"if","locations":[{"start":{"line":24,"column":2},"end":{"line":26,"column":3}},{"start":{},"end":{}}],"line":24},"3":{"loc":{"start":{"line":33,"column":2},"end":{"line":35,"column":3}},"type":"if","locations":[{"start":{"line":33,"column":2},"end":{"line":35,"column":3}},{"start":{},"end":{}}],"line":33}},"s":{"0":1,"1":8,"2":3,"3":5,"4":1,"5":7,"6":3,"7":4,"8":4,"9":1,"10":3,"11":3,"12":3,"13":2,"14":1,"15":1},"f":{"0":8,"1":7,"2":3},"b":{"0":[3,5],"1":[3,4],"2":[1,3],"3":[2,1]},"_coverageSchema":"1a1c01bbd47fc00a2c39e90264f33305004495a9","hash":"5e83068212584c59dc0d8bebfda04fe26d339c1d"}
}
